<?xml version="1.0" encoding="UTF-8"?>
<!-- Generated by org.testng.reporters.JUnitXMLReporter -->
<testsuite ignored="0" hostname="LAPTOP-FJAVPFTE" failures="0" tests="3" name="Default test" time="25.797" errors="0" timestamp="2021-01-01T19:41:24 CST">
  <testcase classname="Ejercicios.Fase11" name="loginFail" time="1.256"/>
  <testcase classname="Ejercicios.Fase11" name="login" time="15.347"/>
  <testcase classname="Ejercicios.Fase11" name="logout" time="1.061"/>
</testsuite> <!-- Default test -->
