<?xml version="1.0" encoding="UTF-8"?>
<testng-results ignored="0" total="3" passed="3" failed="0" skipped="0">
  <reporter-output>
    <line>
      <![CDATA[El elemento no existe]]>
    </line>
    <line>
      <![CDATA[Scroll al elemento]]>
    </line>
    <line>
      <![CDATA[El texto se ingreso correctamente:Admin]]>
    </line>
    <line>
      <![CDATA[El elemento no existe]]>
    </line>
    <line>
      <![CDATA[Scroll al elemento]]>
    </line>
    <line>
      <![CDATA[El texto se ingreso correctamente:admin123]]>
    </line>
    <line>
      <![CDATA[Click en Login ]]>
    </line>
    <line>
      <![CDATA[El elemento no existe]]>
    </line>
    <line>
      <![CDATA[El login fue exitoso]]>
    </line>
    <line>
      <![CDATA[Click en welcome ]]>
    </line>
    <line>
      <![CDATA[Click en Logout ]]>
    </line>
  </reporter-output>
  <suite started-at="2021-01-01T19:40:58 CST" name="Default suite" finished-at="2021-01-01T19:41:24 CST" duration-ms="25797">
    <groups>
    </groups>
    <test started-at="2021-01-01T19:40:58 CST" name="Default test" finished-at="2021-01-01T19:41:24 CST" duration-ms="25797">
      <class name="Ejercicios.Fase11">
        <test-method is-config="true" signature="startWebDriver()[pri:0, instance:Ejercicios.Fase11@63021689]" started-at="2021-01-01T19:40:58 CST" name="startWebDriver" finished-at="2021-01-01T19:41:07 CST" duration-ms="8088" status="PASS">
          <reporter-output>
          </reporter-output>
        </test-method> <!-- startWebDriver -->
        <test-method signature="loginFail()[pri:1, instance:Ejercicios.Fase11@63021689]" started-at="2021-01-01T19:41:07 CST" name="loginFail" finished-at="2021-01-01T19:41:08 CST" duration-ms="1256" status="PASS">
          <reporter-output>
          </reporter-output>
        </test-method> <!-- loginFail -->
        <test-method signature="login()[pri:2, instance:Ejercicios.Fase11@63021689]" started-at="2021-01-01T19:41:08 CST" name="login" finished-at="2021-01-01T19:41:23 CST" duration-ms="15347" status="PASS">
          <reporter-output>
            <line>
              <![CDATA[El elemento no existe]]>
            </line>
            <line>
              <![CDATA[Scroll al elemento]]>
            </line>
            <line>
              <![CDATA[El texto se ingreso correctamente:Admin]]>
            </line>
            <line>
              <![CDATA[El elemento no existe]]>
            </line>
            <line>
              <![CDATA[Scroll al elemento]]>
            </line>
            <line>
              <![CDATA[El texto se ingreso correctamente:admin123]]>
            </line>
            <line>
              <![CDATA[Click en Login ]]>
            </line>
            <line>
              <![CDATA[El elemento no existe]]>
            </line>
            <line>
              <![CDATA[El login fue exitoso]]>
            </line>
          </reporter-output>
        </test-method> <!-- login -->
        <test-method signature="logout()[pri:3, instance:Ejercicios.Fase11@63021689]" started-at="2021-01-01T19:41:23 CST" name="logout" finished-at="2021-01-01T19:41:24 CST" duration-ms="1061" status="PASS">
          <reporter-output>
            <line>
              <![CDATA[Click en welcome ]]>
            </line>
            <line>
              <![CDATA[Click en Logout ]]>
            </line>
          </reporter-output>
        </test-method> <!-- logout -->
      </class> <!-- Ejercicios.Fase11 -->
    </test> <!-- Default test -->
  </suite> <!-- Default suite -->
</testng-results>
